{
  "RSpec": {
    "coverage": {
      "/Users/gregoriovaz/Documents/projects/simplecov-reports/lib/complex_math.rb": {
        "lines": [
          1,
          1,
          1,
          null,
          null,
          1,
          1,
          null,
          null
        ],
        "branches": {
        }
      },
      "/Users/gregoriovaz/Documents/projects/simplecov-reports/lib/simple_math.rb": {
        "lines": [
          1,
          1,
          1,
          null,
          null,
          1,
          1,
          null,
          null
        ],
        "branches": {
        }
      }
    },
    "timestamp": 1656016363
  }
}
